<?xml version="1.0" encoding="UTF-8" ?>
<testsuites>
 <testsuite name="form" timestamp="2017-08-08T09:28:27" hostname="localhost" time="4.707" errors="0" tests="1" skipped="0" disabled="0" failures="0">
  <testcase classname="form" name="test1" time="4.705" />
 </testsuite>
</testsuites>