<?xml version="1.0" encoding="UTF-8" ?>
<testsuites>
 <testsuite name="login test" timestamp="2017-08-07T22:16:48" hostname="localhost" time="13.43" errors="0" tests="2" skipped="0" disabled="0" failures="1">
  <testcase classname="login test" name="login_positive" time="6.913" />
  <testcase classname="login test" name="login_negative" time="6.517">
   <failure type="exception" message="Failed: No element found using locator: By(link text, Logout)"><![CDATA[NoSuchElementError: No element found using locator: By(link text, Logout)
    at WebDriverError (C:\Users\sslindia\AppData\Roaming\npm\node_modules\protractor\node_modules\selenium-webdriver\lib\error.js:27:5)
    at NoSuchElementError (C:\Users\sslindia\AppData\Roaming\npm\node_modules\protractor\node_modules\selenium-webdriver\lib\error.js:168:5)
    at elementArrayFinder.getWebElements.then (C:\Users\sslindia\AppData\Roaming\npm\node_modules\protractor\lib\element.ts:851:17)
    at ManagedPromise.invokeCallback_ (C:\Users\sslindia\AppData\Roaming\npm\node_modules\protractor\node_modules\selenium-webdriver\lib\promise.js:1366:14)
    at TaskQueue.execute_ (C:\Users\sslindia\AppData\Roaming\npm\node_modules\protractor\node_modules\selenium-webdriver\lib\promise.js:2970:14)
    at TaskQueue.executeNext_ (C:\Users\sslindia\AppData\Roaming\npm\node_modules\protractor\node_modules\selenium-webdriver\lib\promise.js:2953:27)
    at asyncRun (C:\Users\sslindia\AppData\Roaming\npm\node_modules\protractor\node_modules\selenium-webdriver\lib\promise.js:2813:27)
    at C:\Users\sslindia\AppData\Roaming\npm\node_modules\protractor\node_modules\selenium-webdriver\lib\promise.js:676:7
    at process._tickCallback (internal/process/next_tick.js:109:7)Error
    at ElementArrayFinder.applyAction_ (C:\Users\sslindia\AppData\Roaming\npm\node_modules\protractor\lib\element.ts:482:23)
    at ElementArrayFinder.(anonymous function) [as click] (C:\Users\sslindia\AppData\Roaming\npm\node_modules\protractor\lib\element.ts:96:21)
    at ElementFinder.(anonymous function) [as click] (C:\Users\sslindia\AppData\Roaming\npm\node_modules\protractor\lib\element.ts:873:14)
    at Object.<anonymous> (C:\Users\sslindia\Documents\Git\protractor\specs\login_spec.js:30:19)
    at C:\Users\sslindia\AppData\Roaming\npm\node_modules\protractor\node_modules\jasminewd2\index.js:112:25
    at new ManagedPromise (C:\Users\sslindia\AppData\Roaming\npm\node_modules\protractor\node_modules\selenium-webdriver\lib\promise.js:1067:7)
    at ControlFlow.promise (C:\Users\sslindia\AppData\Roaming\npm\node_modules\protractor\node_modules\selenium-webdriver\lib\promise.js:2396:12)
    at schedulerExecute (C:\Users\sslindia\AppData\Roaming\npm\node_modules\protractor\node_modules\jasminewd2\index.js:95:18)
    at TaskQueue.execute_ (C:\Users\sslindia\AppData\Roaming\npm\node_modules\protractor\node_modules\selenium-webdriver\lib\promise.js:2970:14)
    at TaskQueue.executeNext_ (C:\Users\sslindia\AppData\Roaming\npm\node_modules\protractor\node_modules\selenium-webdriver\lib\promise.js:2953:27)
From: Task: Run it("login_negative") in control flow
    at Object.<anonymous> (C:\Users\sslindia\AppData\Roaming\npm\node_modules\protractor\node_modules\jasminewd2\index.js:94:19)
    at attemptAsync (C:\Users\sslindia\AppData\Roaming\npm\node_modules\protractor\node_modules\jasmine-core\lib\jasmine-core\jasmine.js:3945:24)
    at QueueRunner.run (C:\Users\sslindia\AppData\Roaming\npm\node_modules\protractor\node_modules\jasmine-core\lib\jasmine-core\jasmine.js:3884:9)
    at C:\Users\sslindia\AppData\Roaming\npm\node_modules\protractor\node_modules\jasmine-core\lib\jasmine-core\jasmine.js:3924:18
    at C:\Users\sslindia\AppData\Roaming\npm\node_modules\protractor\node_modules\jasmine-core\lib\jasmine-core\jasmine.js:3848:9
    at C:\Users\sslindia\AppData\Roaming\npm\node_modules\protractor\node_modules\jasminewd2\index.js:64:48
    at ControlFlow.emit (C:\Users\sslindia\AppData\Roaming\npm\node_modules\protractor\node_modules\selenium-webdriver\lib\events.js:62:21)
    at ControlFlow.shutdown_ (C:\Users\sslindia\AppData\Roaming\npm\node_modules\protractor\node_modules\selenium-webdriver\lib\promise.js:2565:10)
    at shutdownTask_.MicroTask (C:\Users\sslindia\AppData\Roaming\npm\node_modules\protractor\node_modules\selenium-webdriver\lib\promise.js:2490:53)
    at MicroTask.asyncRun (C:\Users\sslindia\AppData\Roaming\npm\node_modules\protractor\node_modules\selenium-webdriver\lib\promise.js:2619:9)
From asynchronous test: 
Error
    at Suite.<anonymous> (C:\Users\sslindia\Documents\Git\protractor\specs\login_spec.js:24:3)
    at addSpecsToSuite (C:\Users\sslindia\AppData\Roaming\npm\node_modules\protractor\node_modules\jasmine-core\lib\jasmine-core\jasmine.js:994:25)
    at Env.describe (C:\Users\sslindia\AppData\Roaming\npm\node_modules\protractor\node_modules\jasmine-core\lib\jasmine-core\jasmine.js:961:7)
    at describe (C:\Users\sslindia\AppData\Roaming\npm\node_modules\protractor\node_modules\jasmine-core\lib\jasmine-core\jasmine.js:4031:18)
    at Object.<anonymous> (C:\Users\sslindia\Documents\Git\protractor\specs\login_spec.js:3:1)
    at Module._compile (module.js:570:32)
    at Object.Module._extensions..js (module.js:579:10)
    at Module.load (module.js:487:32)
    at tryModuleLoad (module.js:446:12)]]>
   </failure>
  </testcase>
 </testsuite>
</testsuites>