<?xml version="1.0" encoding="UTF-8" ?>
<testsuites>
 <testsuite name="login test" timestamp="2017-08-07T14:17:30" hostname="localhost" time="7.816" errors="0" tests="2" skipped="0" disabled="0" failures="0">
  <testcase classname="login test" name="login_positive" time="6.18" />
  <testcase classname="login test" name="login_negative" time="1.634" />
 </testsuite>
</testsuites>