<?xml version="1.0" encoding="UTF-8" ?>
<testsuites>
 <testsuite name="sample test" timestamp="2017-08-07T01:22:47" hostname="localhost" time="3.945" errors="0" tests="1" skipped="0" disabled="0" failures="0">
  <testcase classname="sample test" name="test_1" time="3.943" />
 </testsuite>
</testsuites>