<?xml version="1.0" encoding="UTF-8" ?>
<testsuites>
 <testsuite name="blah" timestamp="2017-08-13T20:08:39" hostname="localhost" time="29.064" errors="0" tests="1" skipped="0" disabled="0" failures="0">
  <testcase classname="blah" name="should blah" time="29.058" />
 </testsuite>
</testsuites>