<?xml version="1.0" encoding="UTF-8" ?>
<testsuites>
<<<<<<< Updated upstream
 <testsuite name="login test" timestamp="2017-08-10T12:57:56" hostname="localhost" time="10.78" errors="0" tests="2" skipped="0" disabled="0" failures="0">
  <testcase classname="login test" name="login_positive" time="7.764" />
  <testcase classname="login test" name="login_negative" time="3.013" />
=======
 <testsuite name="login test" timestamp="2017-08-10T08:56:23" hostname="localhost" time="9.084" errors="0" tests="2" skipped="0" disabled="0" failures="0">
  <testcase classname="login test" name="login_positive" time="6.693" />
  <testcase classname="login test" name="login_negative" time="2.388" />
>>>>>>> Stashed changes
 </testsuite>
</testsuites>