<?xml version="1.0" encoding="UTF-8" ?>
<testsuites>
 <testsuite name="login test" timestamp="2017-08-09T17:18:36" hostname="localhost" time="11.229" errors="0" tests="2" skipped="0" disabled="0" failures="0">
  <testcase classname="login test" name="login_positive" time="8.415" />
  <testcase classname="login test" name="login_negative" time="2.813" />
 </testsuite>
</testsuites>