<?xml version="1.0" encoding="UTF-8" ?>
<testsuites>
 <testsuite name="login test" timestamp="2017-08-08T17:47:22" hostname="localhost" time="8.999" errors="0" tests="2" skipped="0" disabled="0" failures="0">
  <testcase classname="login test" name="login_positive" time="6.667" />
  <testcase classname="login test" name="login_negative" time="2.329" />
 </testsuite>
</testsuites>