<?xml version="1.0" encoding="UTF-8" ?>
<testsuites>
 <testsuite name="login test" timestamp="2017-08-08T20:21:37" hostname="localhost" time="9.114" errors="0" tests="2" skipped="0" disabled="0" failures="0">
  <testcase classname="login test" name="login_positive" time="5.841" />
  <testcase classname="login test" name="login_negative" time="3.268" />
 </testsuite>
</testsuites>