<?xml version="1.0" encoding="UTF-8" ?>
<testsuites>
 <testsuite name="sample test" timestamp="2017-08-08T15:43:06" hostname="localhost" time="5.948" errors="0" tests="1" skipped="0" disabled="0" failures="1">
  <testcase classname="sample test" name="test_1" time="5.945">
   <failure type="toEqual" message="Expected &apos;7&apos; to equal &apos;4&apos;."><![CDATA[Error: Failed expectation
    at Object.<anonymous> (C:\Users\sslindia\Documents\Git\protractor\specs\sample_spec.js:19:25)
    at C:\Users\sslindia\AppData\Roaming\npm\node_modules\protractor\node_modules\jasminewd2\index.js:112:25
    at new ManagedPromise (C:\Users\sslindia\AppData\Roaming\npm\node_modules\protractor\node_modules\selenium-webdriver\lib\promise.js:1067:7)
    at ControlFlow.promise (C:\Users\sslindia\AppData\Roaming\npm\node_modules\protractor\node_modules\selenium-webdriver\lib\promise.js:2396:12)
    at schedulerExecute (C:\Users\sslindia\AppData\Roaming\npm\node_modules\protractor\node_modules\jasminewd2\index.js:95:18)
    at TaskQueue.execute_ (C:\Users\sslindia\AppData\Roaming\npm\node_modules\protractor\node_modules\selenium-webdriver\lib\promise.js:2970:14)
    at TaskQueue.executeNext_ (C:\Users\sslindia\AppData\Roaming\npm\node_modules\protractor\node_modules\selenium-webdriver\lib\promise.js:2953:27)
    at asyncRun (C:\Users\sslindia\AppData\Roaming\npm\node_modules\protractor\node_modules\selenium-webdriver\lib\promise.js:2860:25)
    at C:\Users\sslindia\AppData\Roaming\npm\node_modules\protractor\node_modules\selenium-webdriver\lib\promise.js:676:7]]>
   </failure>
  </testcase>
 </testsuite>
</testsuites>