<?xml version="1.0" encoding="UTF-8" ?>
<testsuites>
 <testsuite name="main" timestamp="2017-08-13T19:31:41" hostname="localhost" time="21.983" errors="0" tests="1" skipped="0" disabled="0" failures="1">
  <testcase classname="main" name="login1" time="21.979">
   <failure type="exception" message="Failed: Angular could not be found on the page http://www.phptravels.net/.If this is not an Angular application, you may need to turn off waiting for Angular.
                          Please see 
                          https://github.com/angular/protractor/blob/master/docs/timeouts.md#waiting-for-angular-on-page-load"><![CDATA[Error: Angular could not be found on the page http://www.phptravels.net/.If this is not an Angular application, you may need to turn off waiting for Angular.
                          Please see 
                          https://github.com/angular/protractor/blob/master/docs/timeouts.md#waiting-for-angular-on-page-load
    at executeAsyncScript_.then (/usr/local/lib/node_modules/protractor/lib/browser.ts:936:29)
    at ManagedPromise.invokeCallback_ (/usr/local/lib/node_modules/protractor/node_modules/selenium-webdriver/lib/promise.js:1366:14)
    at TaskQueue.execute_ (/usr/local/lib/node_modules/protractor/node_modules/selenium-webdriver/lib/promise.js:2970:14)
    at TaskQueue.executeNext_ (/usr/local/lib/node_modules/protractor/node_modules/selenium-webdriver/lib/promise.js:2953:27)
    at asyncRun (/usr/local/lib/node_modules/protractor/node_modules/selenium-webdriver/lib/promise.js:2813:27)
    at /usr/local/lib/node_modules/protractor/node_modules/selenium-webdriver/lib/promise.js:676:7
    at <anonymous>
    at process._tickCallback (internal/process/next_tick.js:188:7)
From: Task: Run it("login1") in control flow
    at UserContext.<anonymous> (/usr/local/lib/node_modules/protractor/node_modules/jasminewd2/index.js:94:19)
    at attempt (/usr/local/lib/node_modules/protractor/node_modules/jasmine-core/lib/jasmine-core/jasmine.js:4071:26)
    at QueueRunner.run (/usr/local/lib/node_modules/protractor/node_modules/jasmine-core/lib/jasmine-core/jasmine.js:3991:20)
    at runNext (/usr/local/lib/node_modules/protractor/node_modules/jasmine-core/lib/jasmine-core/jasmine.js:4031:20)
    at /usr/local/lib/node_modules/protractor/node_modules/jasmine-core/lib/jasmine-core/jasmine.js:4038:13
    at /usr/local/lib/node_modules/protractor/node_modules/jasmine-core/lib/jasmine-core/jasmine.js:3946:9
    at /usr/local/lib/node_modules/protractor/node_modules/jasminewd2/index.js:64:48
    at ControlFlow.emit (/usr/local/lib/node_modules/protractor/node_modules/selenium-webdriver/lib/events.js:62:21)
    at ControlFlow.shutdown_ (/usr/local/lib/node_modules/protractor/node_modules/selenium-webdriver/lib/promise.js:2565:10)
    at shutdownTask_.MicroTask (/usr/local/lib/node_modules/protractor/node_modules/selenium-webdriver/lib/promise.js:2490:53)
From asynchronous test: 
Error
    at Suite.<anonymous> (/Users/srinivasaraoimandi/Documents/Git/protractor/TestBed/test_spec.js:14:1)
    at addSpecsToSuite (/usr/local/lib/node_modules/protractor/node_modules/jasmine-core/lib/jasmine-core/jasmine.js:1013:25)
    at Env.describe (/usr/local/lib/node_modules/protractor/node_modules/jasmine-core/lib/jasmine-core/jasmine.js:980:7)
    at describe (/usr/local/lib/node_modules/protractor/node_modules/jasmine-core/lib/jasmine-core/jasmine.js:4163:18)
    at Object.<anonymous> (/Users/srinivasaraoimandi/Documents/Git/protractor/TestBed/test_spec.js:3:1)
    at Module._compile (module.js:573:30)
    at Object.Module._extensions..js (module.js:584:10)
    at Module.load (module.js:507:32)
    at tryModuleLoad (module.js:470:12)]]>
   </failure>
  </testcase>
 </testsuite>
</testsuites>