<?xml version="1.0" encoding="UTF-8" ?>
<testsuites>
 <testsuite name="login test" timestamp="2017-08-10T22:19:56" hostname="localhost" time="8.017" errors="0" tests="2" skipped="0" disabled="0" failures="0">
  <testcase classname="login test" name="login_positive" time="5.73" />
  <testcase classname="login test" name="login_negative" time="2.284" />
 </testsuite>
</testsuites>